Arguments: 
  C:\Program Files\nodejs\node.exe C:\Users\avish\AppData\Roaming\npm\node_modules\yarn\bin\yarn.js add react-chartjs-2 chart.js

PATH: 
  C:\Users\avish\AppData\Local\Programs\Python\Python39\Scripts\;C:\Users\avish\AppData\Local\Programs\Python\Python39\;C:\windows\system32;C:\windows;C:\windows\System32\Wbem;C:\windows\System32\WindowsPowerShell\v1.0\;C:\windows\System32\OpenSSH\;C:\Program Files (x86)\NVIDIA Corporation\PhysX\Common;C:\Program Files\NVIDIA Corporation\NVIDIA NvDLISR;C:\MinGW\bin;C:\Program Files\Git\cmd;C:\WINDOWS\system32;C:\WINDOWS;C:\WINDOWS\System32\Wbem;C:\WINDOWS\System32\WindowsPowerShell\v1.0\;C:\WINDOWS\System32\OpenSSH\;C:\Program Files\wkhtmltopdf\bin;C:\ProgramData\chocolatey\bin;C:\Program Files\nodejs\;C:\Users\avish\AppData\Local\Microsoft\WindowsApps;C:\Users\avish\AppData\Local\Programs\Microsoft VS Code\bin;C:\Users\avish\AppData\Roaming\npm;C:\Program Files\MongoDB\Server\4.4\bin;

Yarn version: 
  1.22.11

Node version: 
  14.16.1

Platform: 
  win32 x64

Trace: 
  Error: EPERM: operation not permitted, unlink 'E:\web\react and expres\PAPER_GENERATION_SYSTEM-\node_modules\@tensorflow\tfjs-node\lib\napi-v7\tensorflow.dll'

npm manifest: 
  {
    "name": "paper_generation_system",
    "version": "1.0.0",
    "description": "",
    "main": "app.js",
    "scripts": {
      "test": "echo \"Error: no test specified\" && exit 1",
      "client-install": "cd client && npm install",
      "start": "node app.js",
      "server": "nodemon app.js",
      "client": "npm start --prefix client",
      "dev": "concurrently \"npm run server\" \"npm run client\""
    },
    "author": "",
    "license": "ISC",
    "dependencies": {
      "@tensorflow-models/coco-ssd": "^2.2.2",
      "@tensorflow-models/mobilenet": "^2.1.0",
      "@tensorflow/tfjs": "^3.8.0",
      "@tensorflow/tfjs-backend-cpu": "^3.8.0",
      "@tensorflow/tfjs-backend-webgl": "^3.8.0",
      "@tensorflow/tfjs-node": "^3.8.0",
      "axios": "^0.21.1",
      "base64-to-uint8array": "^1.0.0",
      "body-parser": "^1.19.0",
      "bootstrap": "^4.0.0-alpha.6",
      "chart.js": "^3.5.0",
      "concurrently": "^6.2.0",
      "connect-flash": "^0.1.1",
      "cors": "^2.8.5",
      "ejs": "^3.1.6",
      "ejs-mate": "^3.0.0",
      "express": "^4.17.1",
      "express-session": "^1.17.2",
      "http-proxy-middleware": "^2.0.0",
      "install": "^0.13.0",
      "jquery": "^3.6.0",
      "mongoose": "^5.12.14",
      "multer": "^1.4.2",
      "passport": "^0.4.1",
      "passport-github": "^1.1.0",
      "passport-github2": "^0.1.12",
      "passport-google-oauth20": "^2.0.0",
      "passport-local": "^1.0.0",
      "passport-local-mongoose": "^6.1.0",
      "query-string": "^7.0.1",
      "react-bootstrap": "^0.32.1",
      "react-chartjs-2": "^3.0.4",
      "react-router-dom": "^5.2.0",
      "react-scripts": "2.1.0",
      "react-webcam": "^5.2.4",
      "router": "^1.3.5",
      "session": "^0.1.0"
    },
    "repository": {
      "type": "git",
      "url": "git+https://github.com/darshanshah-dev/PAPER_GENERATION_SYSTEM-.git"
    },
    "bugs": {
      "url": "https://github.com/darshanshah-dev/PAPER_GENERATION_SYSTEM-/issues"
    },
    "homepage": "https://github.com/darshanshah-dev/PAPER_GENERATION_SYSTEM-#readme",
    "devDependencies": {
      "eslint-plugin-react-hooks": "^4.2.0"
    }
  }

yarn manifest: 
  No manifest

Lockfile: 
  No lockfile
